<?xml version="1.0" encoding="UTF-8"?>
<!-- Generated by org.testng.reporters.JUnitReportReporter -->
<testsuite hostname="dell15z" name="com.rymarchik.tests.DomainTests" tests="3" failures="0" timestamp="1 Jun 2016 23:00:13 GMT" time="40.118" errors="0">
  <testcase name="addCredentialsTest" time="14.747" classname="com.rymarchik.tests.DomainTests"/>
  <testcase name="domainEditionTest" time="14.827" classname="com.rymarchik.tests.DomainTests"/>
  <testcase name="domainCreationTest" time="10.544" classname="com.rymarchik.tests.DomainTests"/>
</testsuite> <!-- com.rymarchik.tests.DomainTests -->
