<?xml version="1.0" encoding="UTF-8"?>
<!-- Generated by org.testng.reporters.JUnitReportReporter -->
<testsuite hostname="dell15z" name="com.rymarchik.tests.LoginLogoutTest" tests="1" failures="0" timestamp="1 Jun 2016 15:30:00 GMT" time="4.720" errors="0">
  <testcase name="loginLogoutTest" time="4.720" classname="com.rymarchik.tests.LoginLogoutTest"/>
</testsuite> <!-- com.rymarchik.tests.LoginLogoutTest -->
