<?xml version="1.0" encoding="UTF-8"?>
<!-- Generated by org.testng.reporters.JUnitReportReporter -->
<testsuite hostname="dell15z" name="com.rymarchik.tests.LoginLogoutTest" tests="1" failures="0" timestamp="31 May 2016 23:56:17 GMT" time="5.431" errors="0">
  <testcase name="loginLogoutTest" time="5.431" classname="com.rymarchik.tests.LoginLogoutTest"/>
</testsuite> <!-- com.rymarchik.tests.LoginLogoutTest -->
