<?xml version="1.0" encoding="UTF-8"?>
<!-- Generated by org.testng.reporters.JUnitReportReporter -->
<testsuite hostname="dell15z" name="com.rymarchik.JenkinsQATests.LoginTest" tests="1" failures="0" timestamp="31 May 2016 17:17:50 GMT" time="4.153" errors="0">
  <testcase name="testUntitled" time="4.153" classname="com.rymarchik.JenkinsQATests.LoginTest"/>
</testsuite> <!-- com.rymarchik.JenkinsQATests.LoginTest -->
