<?xml version="1.0" encoding="UTF-8"?>
<!-- Generated by org.testng.reporters.JUnitReportReporter -->
<testsuite hostname="dell15z" name="com.rymarchik.tests.JobTests" tests="3" failures="0" timestamp="1 Jun 2016 18:34:42 GMT" time="50.137" errors="0">
  <testcase name="jobEditionTest" time="17.344" classname="com.rymarchik.tests.JobTests"/>
  <testcase name="jobRemovalTest" time="22.964" classname="com.rymarchik.tests.JobTests"/>
  <testcase name="jobCreationTest" time="9.829" classname="com.rymarchik.tests.JobTests"/>
</testsuite> <!-- com.rymarchik.tests.JobTests -->
