<?xml version="1.0" encoding="UTF-8"?>
<!-- Generated by org.testng.reporters.JUnitReportReporter -->
<testsuite hostname="dell15z" name="com.rymarchik.tests.AssemblyTests" tests="3" failures="0" timestamp="1 Jun 2016 23:34:37 GMT" time="33.735" errors="0">
  <testcase name="assemblyEditionTest" time="15.300" classname="com.rymarchik.tests.AssemblyTests"/>
  <testcase name="assemblyRemovalTest" time="14.638" classname="com.rymarchik.tests.AssemblyTests"/>
  <testcase name="assemblyCreationTest" time="3.797" classname="com.rymarchik.tests.AssemblyTests"/>
</testsuite> <!-- com.rymarchik.tests.AssemblyTests -->
