<?xml version="1.0" encoding="UTF-8"?>
<!-- Generated by org.testng.reporters.JUnitReportReporter -->
<testsuite hostname="dell15z" name="com.rymarchik.tests.JobTests" tests="3" failures="0" timestamp="1 Jun 2016 01:43:44 GMT" time="8.902" errors="0">
  <testcase name="jobEditionTest" time="0.001" classname="com.rymarchik.tests.JobTests"/>
  <testcase name="jobCreationTest2" time="8.900" classname="com.rymarchik.tests.JobTests"/>
  <testcase name="jobRemovalTest" time="0.001" classname="com.rymarchik.tests.JobTests"/>
</testsuite> <!-- com.rymarchik.tests.JobTests -->
