<?xml version="1.0" encoding="UTF-8"?>
<!-- Generated by org.testng.reporters.JUnitReportReporter -->
<testsuite hostname="dell15z" name="com.rymarchik.tests.SearchTest" tests="1" failures="0" timestamp="1 Jun 2016 23:46:29 GMT" time="8.629" errors="0">
  <testcase name="searchTest" time="8.629" classname="com.rymarchik.tests.SearchTest"/>
</testsuite> <!-- com.rymarchik.tests.SearchTest -->
