<?xml version="1.0" encoding="UTF-8"?>
<!-- Generated by org.testng.reporters.JUnitReportReporter -->
<testsuite hostname="dell15z" name="com.rymarchik.tests.UserTest" tests="1" failures="0" timestamp="1 Jun 2016 23:26:45 GMT" time="7.239" errors="0">
  <testcase name="editUserInfoTest" time="7.239" classname="com.rymarchik.tests.UserTest"/>
</testsuite> <!-- com.rymarchik.tests.UserTest -->
