<?xml version="1.0" encoding="UTF-8"?>
<!-- Generated by org.testng.reporters.JUnitReportReporter -->
<testsuite hostname="dell15z" name="com.rymarchik.tests.LoginLogoutTest" tests="1" failures="0" timestamp="2 Jun 2016 00:31:46 GMT" time="4.484" errors="0">
  <testcase name="loginLogoutTest" time="4.484" classname="com.rymarchik.tests.LoginLogoutTest"/>
</testsuite> <!-- com.rymarchik.tests.LoginLogoutTest -->
