<?xml version="1.0" encoding="UTF-8"?>
<!-- Generated by org.testng.reporters.JUnitReportReporter -->
<testsuite hostname="dell15z" name="com.rymarchik.tests.AssemblyTests" tests="3" failures="0" timestamp="2 Jun 2016 00:31:46 GMT" time="33.703" errors="0">
  <testcase name="assemblyCreationTest" time="3.942" classname="com.rymarchik.tests.AssemblyTests"/>
  <testcase name="assemblyEditionTest" time="15.337" classname="com.rymarchik.tests.AssemblyTests"/>
  <testcase name="assemblyRemovalTest" time="14.424" classname="com.rymarchik.tests.AssemblyTests"/>
</testsuite> <!-- com.rymarchik.tests.AssemblyTests -->
