<?xml version="1.0" encoding="UTF-8"?>
<!-- Generated by org.testng.reporters.JUnitReportReporter -->
<testsuite hostname="dell15z" name="com.rymarchik.tests.UserTest" tests="1" failures="0" timestamp="2 Jun 2016 00:31:46 GMT" time="6.831" errors="0">
  <testcase name="editUserInfoTest" time="6.831" classname="com.rymarchik.tests.UserTest"/>
</testsuite> <!-- com.rymarchik.tests.UserTest -->
