<?xml version="1.0" encoding="UTF-8"?>
<!-- Generated by org.testng.reporters.JUnitReportReporter -->
<testsuite hostname="dell15z" name="com.rymarchik.tests.JobTests" tests="4" failures="0" timestamp="2 Jun 2016 00:31:46 GMT" time="71.247" errors="0">
  <testcase name="jobRemovalTest" time="23.111" classname="com.rymarchik.tests.JobTests"/>
  <testcase name="jobTurnOnTurnOffTest" time="14.064" classname="com.rymarchik.tests.JobTests"/>
  <testcase name="jobCreationTest" time="17.962" classname="com.rymarchik.tests.JobTests"/>
  <testcase name="jobEditionTest" time="16.110" classname="com.rymarchik.tests.JobTests"/>
</testsuite> <!-- com.rymarchik.tests.JobTests -->
