<?xml version="1.0" encoding="UTF-8"?>
<!-- Generated by org.testng.reporters.JUnitReportReporter -->
<testsuite hostname="dell15z" name="com.rymarchik.tests.DomainTests" tests="4" failures="0" timestamp="2 Jun 2016 00:31:46 GMT" time="62.331" errors="0">
  <testcase name="domainEditionTest" time="14.771" classname="com.rymarchik.tests.DomainTests"/>
  <testcase name="domainCreationTest" time="17.902" classname="com.rymarchik.tests.DomainTests"/>
  <testcase name="domainRemovalTest" time="14.693" classname="com.rymarchik.tests.DomainTests"/>
  <testcase name="addCredentialsTest" time="14.965" classname="com.rymarchik.tests.DomainTests"/>
</testsuite> <!-- com.rymarchik.tests.DomainTests -->
